<?xml version="1.0" encoding="UTF-8"?>
<testsuite xmlns:xsi="http://www.w3.org/2001/XMLSchema-instance" xsi:noNamespaceSchemaLocation="https://maven.apache.org/surefire/maven-surefire-plugin/xsd/surefire-test-report.xsd" name="com.subi.ss.logger.SsLoggerApplicationTests" time="5.632" tests="1" errors="0" skipped="0" failures="0">
  <properties>
    <property name="java.specification.version" value="16"/>
    <property name="sun.cpu.isalist" value="amd64"/>
    <property name="sun.jnu.encoding" value="Cp1252"/>
    <property name="java.class.path" value="C:\Projects\profile\ss-logger\target\test-classes;C:\Projects\profile\ss-logger\target\classes;C:\Users\subas\.m2\repository\org\springframework\boot\spring-boot-starter-web\2.7.0-SNAPSHOT\spring-boot-starter-web-2.7.0-SNAPSHOT.jar;C:\Users\subas\.m2\repository\org\springframework\boot\spring-boot-starter\2.7.0-SNAPSHOT\spring-boot-starter-2.7.0-SNAPSHOT.jar;C:\Users\subas\.m2\repository\org\springframework\boot\spring-boot\2.7.0-SNAPSHOT\spring-boot-2.7.0-SNAPSHOT.jar;C:\Users\subas\.m2\repository\org\springframework\boot\spring-boot-autoconfigure\2.7.0-SNAPSHOT\spring-boot-autoconfigure-2.7.0-SNAPSHOT.jar;C:\Users\subas\.m2\repository\org\springframework\boot\spring-boot-starter-logging\2.7.0-SNAPSHOT\spring-boot-starter-logging-2.7.0-SNAPSHOT.jar;C:\Users\subas\.m2\repository\ch\qos\logback\logback-classic\1.2.10\logback-classic-1.2.10.jar;C:\Users\subas\.m2\repository\ch\qos\logback\logback-core\1.2.10\logback-core-1.2.10.jar;C:\Users\subas\.m2\repository\org\apache\logging\log4j\log4j-to-slf4j\2.17.1\log4j-to-slf4j-2.17.1.jar;C:\Users\subas\.m2\repository\org\apache\logging\log4j\log4j-api\2.17.1\log4j-api-2.17.1.jar;C:\Users\subas\.m2\repository\org\slf4j\jul-to-slf4j\1.7.32\jul-to-slf4j-1.7.32.jar;C:\Users\subas\.m2\repository\org\yaml\snakeyaml\1.30\snakeyaml-1.30.jar;C:\Users\subas\.m2\repository\org\springframework\boot\spring-boot-starter-json\2.7.0-SNAPSHOT\spring-boot-starter-json-2.7.0-SNAPSHOT.jar;C:\Users\subas\.m2\repository\com\fasterxml\jackson\core\jackson-databind\2.13.1\jackson-databind-2.13.1.jar;C:\Users\subas\.m2\repository\com\fasterxml\jackson\core\jackson-annotations\2.13.1\jackson-annotations-2.13.1.jar;C:\Users\subas\.m2\repository\com\fasterxml\jackson\core\jackson-core\2.13.1\jackson-core-2.13.1.jar;C:\Users\subas\.m2\repository\com\fasterxml\jackson\datatype\jackson-datatype-jdk8\2.13.1\jackson-datatype-jdk8-2.13.1.jar;C:\Users\subas\.m2\repository\com\fasterxml\jackson\datatype\jackson-datatype-jsr310\2.13.1\jackson-datatype-jsr310-2.13.1.jar;C:\Users\subas\.m2\repository\com\fasterxml\jackson\module\jackson-module-parameter-names\2.13.1\jackson-module-parameter-names-2.13.1.jar;C:\Users\subas\.m2\repository\org\springframework\spring-web\5.3.14\spring-web-5.3.14.jar;C:\Users\subas\.m2\repository\org\springframework\spring-beans\5.3.14\spring-beans-5.3.14.jar;C:\Users\subas\.m2\repository\org\springframework\spring-webmvc\5.3.14\spring-webmvc-5.3.14.jar;C:\Users\subas\.m2\repository\org\springframework\spring-aop\5.3.14\spring-aop-5.3.14.jar;C:\Users\subas\.m2\repository\org\springframework\spring-expression\5.3.14\spring-expression-5.3.14.jar;C:\Users\subas\.m2\repository\org\springframework\kafka\spring-kafka\2.8.0\spring-kafka-2.8.0.jar;C:\Users\subas\.m2\repository\org\springframework\spring-context\5.3.14\spring-context-5.3.14.jar;C:\Users\subas\.m2\repository\org\springframework\spring-messaging\5.3.14\spring-messaging-5.3.14.jar;C:\Users\subas\.m2\repository\org\springframework\spring-tx\5.3.14\spring-tx-5.3.14.jar;C:\Users\subas\.m2\repository\org\springframework\retry\spring-retry\1.3.1\spring-retry-1.3.1.jar;C:\Users\subas\.m2\repository\javax\annotation\javax.annotation-api\1.3.2\javax.annotation-api-1.3.2.jar;C:\Users\subas\.m2\repository\org\apache\kafka\kafka-clients\3.0.0\kafka-clients-3.0.0.jar;C:\Users\subas\.m2\repository\com\github\luben\zstd-jni\1.5.0-2\zstd-jni-1.5.0-2.jar;C:\Users\subas\.m2\repository\org\lz4\lz4-java\1.7.1\lz4-java-1.7.1.jar;C:\Users\subas\.m2\repository\org\xerial\snappy\snappy-java\1.1.8.1\snappy-java-1.1.8.1.jar;C:\Users\subas\.m2\repository\org\slf4j\slf4j-api\1.7.32\slf4j-api-1.7.32.jar;C:\Users\subas\.m2\repository\com\google\code\findbugs\jsr305\3.0.2\jsr305-3.0.2.jar;C:\Users\subas\.m2\repository\org\springframework\boot\spring-boot-starter-tomcat\2.7.0-SNAPSHOT\spring-boot-starter-tomcat-2.7.0-SNAPSHOT.jar;C:\Users\subas\.m2\repository\jakarta\annotation\jakarta.annotation-api\1.3.5\jakarta.annotation-api-1.3.5.jar;C:\Users\subas\.m2\repository\org\apache\tomcat\embed\tomcat-embed-core\9.0.56\tomcat-embed-core-9.0.56.jar;C:\Users\subas\.m2\repository\org\apache\tomcat\embed\tomcat-embed-el\9.0.56\tomcat-embed-el-9.0.56.jar;C:\Users\subas\.m2\repository\org\apache\tomcat\embed\tomcat-embed-websocket\9.0.56\tomcat-embed-websocket-9.0.56.jar;C:\Users\subas\.m2\repository\org\springframework\boot\spring-boot-starter-test\2.7.0-SNAPSHOT\spring-boot-starter-test-2.7.0-SNAPSHOT.jar;C:\Users\subas\.m2\repository\org\springframework\boot\spring-boot-test\2.7.0-SNAPSHOT\spring-boot-test-2.7.0-SNAPSHOT.jar;C:\Users\subas\.m2\repository\org\springframework\boot\spring-boot-test-autoconfigure\2.7.0-SNAPSHOT\spring-boot-test-autoconfigure-2.7.0-SNAPSHOT.jar;C:\Users\subas\.m2\repository\com\jayway\jsonpath\json-path\2.6.0\json-path-2.6.0.jar;C:\Users\subas\.m2\repository\net\minidev\json-smart\2.4.7\json-smart-2.4.7.jar;C:\Users\subas\.m2\repository\net\minidev\accessors-smart\2.4.7\accessors-smart-2.4.7.jar;C:\Users\subas\.m2\repository\org\ow2\asm\asm\9.1\asm-9.1.jar;C:\Users\subas\.m2\repository\jakarta\xml\bind\jakarta.xml.bind-api\2.3.3\jakarta.xml.bind-api-2.3.3.jar;C:\Users\subas\.m2\repository\jakarta\activation\jakarta.activation-api\1.2.2\jakarta.activation-api-1.2.2.jar;C:\Users\subas\.m2\repository\org\assertj\assertj-core\3.22.0\assertj-core-3.22.0.jar;C:\Users\subas\.m2\repository\org\hamcrest\hamcrest\2.2\hamcrest-2.2.jar;C:\Users\subas\.m2\repository\org\junit\jupiter\junit-jupiter\5.8.2\junit-jupiter-5.8.2.jar;C:\Users\subas\.m2\repository\org\junit\jupiter\junit-jupiter-params\5.8.2\junit-jupiter-params-5.8.2.jar;C:\Users\subas\.m2\repository\org\junit\jupiter\junit-jupiter-engine\5.8.2\junit-jupiter-engine-5.8.2.jar;C:\Users\subas\.m2\repository\org\junit\platform\junit-platform-engine\1.8.2\junit-platform-engine-1.8.2.jar;C:\Users\subas\.m2\repository\org\mockito\mockito-core\4.2.0\mockito-core-4.2.0.jar;C:\Users\subas\.m2\repository\net\bytebuddy\byte-buddy\1.12.6\byte-buddy-1.12.6.jar;C:\Users\subas\.m2\repository\net\bytebuddy\byte-buddy-agent\1.12.6\byte-buddy-agent-1.12.6.jar;C:\Users\subas\.m2\repository\org\objenesis\objenesis\3.2\objenesis-3.2.jar;C:\Users\subas\.m2\repository\org\mockito\mockito-junit-jupiter\4.2.0\mockito-junit-jupiter-4.2.0.jar;C:\Users\subas\.m2\repository\org\skyscreamer\jsonassert\1.5.0\jsonassert-1.5.0.jar;C:\Users\subas\.m2\repository\com\vaadin\external\google\android-json\0.0.20131108.vaadin1\android-json-0.0.20131108.vaadin1.jar;C:\Users\subas\.m2\repository\org\springframework\spring-core\5.3.14\spring-core-5.3.14.jar;C:\Users\subas\.m2\repository\org\springframework\spring-jcl\5.3.14\spring-jcl-5.3.14.jar;C:\Users\subas\.m2\repository\org\springframework\spring-test\5.3.14\spring-test-5.3.14.jar;C:\Users\subas\.m2\repository\org\xmlunit\xmlunit-core\2.8.4\xmlunit-core-2.8.4.jar;C:\Users\subas\.m2\repository\io\projectreactor\reactor-test\3.4.13\reactor-test-3.4.13.jar;C:\Users\subas\.m2\repository\io\projectreactor\reactor-core\3.4.13\reactor-core-3.4.13.jar;C:\Users\subas\.m2\repository\org\reactivestreams\reactive-streams\1.0.3\reactive-streams-1.0.3.jar;C:\Users\subas\.m2\repository\org\springframework\kafka\spring-kafka-test\2.8.0\spring-kafka-test-2.8.0.jar;C:\Users\subas\.m2\repository\org\apache\zookeeper\zookeeper\3.6.3\zookeeper-3.6.3.jar;C:\Users\subas\.m2\repository\org\apache\zookeeper\zookeeper-jute\3.6.3\zookeeper-jute-3.6.3.jar;C:\Users\subas\.m2\repository\org\apache\yetus\audience-annotations\0.5.0\audience-annotations-0.5.0.jar;C:\Users\subas\.m2\repository\io\netty\netty-handler\4.1.72.Final\netty-handler-4.1.72.Final.jar;C:\Users\subas\.m2\repository\io\netty\netty-common\4.1.72.Final\netty-common-4.1.72.Final.jar;C:\Users\subas\.m2\repository\io\netty\netty-resolver\4.1.72.Final\netty-resolver-4.1.72.Final.jar;C:\Users\subas\.m2\repository\io\netty\netty-buffer\4.1.72.Final\netty-buffer-4.1.72.Final.jar;C:\Users\subas\.m2\repository\io\netty\netty-transport\4.1.72.Final\netty-transport-4.1.72.Final.jar;C:\Users\subas\.m2\repository\io\netty\netty-codec\4.1.72.Final\netty-codec-4.1.72.Final.jar;C:\Users\subas\.m2\repository\io\netty\netty-tcnative-classes\2.0.46.Final\netty-tcnative-classes-2.0.46.Final.jar;C:\Users\subas\.m2\repository\io\netty\netty-transport-native-epoll\4.1.72.Final\netty-transport-native-epoll-4.1.72.Final.jar;C:\Users\subas\.m2\repository\io\netty\netty-transport-native-unix-common\4.1.72.Final\netty-transport-native-unix-common-4.1.72.Final.jar;C:\Users\subas\.m2\repository\io\netty\netty-transport-classes-epoll\4.1.72.Final\netty-transport-classes-epoll-4.1.72.Final.jar;C:\Users\subas\.m2\repository\org\apache\kafka\kafka-clients\3.0.0\kafka-clients-3.0.0-test.jar;C:\Users\subas\.m2\repository\org\apache\kafka\kafka-metadata\3.0.0\kafka-metadata-3.0.0.jar;C:\Users\subas\.m2\repository\org\apache\kafka\kafka-server-common\3.0.0\kafka-server-common-3.0.0.jar;C:\Users\subas\.m2\repository\org\apache\kafka\kafka-raft\3.0.0\kafka-raft-3.0.0.jar;C:\Users\subas\.m2\repository\com\yammer\metrics\metrics-core\2.2.0\metrics-core-2.2.0.jar;C:\Users\subas\.m2\repository\org\apache\kafka\kafka-streams-test-utils\3.0.0\kafka-streams-test-utils-3.0.0.jar;C:\Users\subas\.m2\repository\org\apache\kafka\kafka-streams\3.0.0\kafka-streams-3.0.0.jar;C:\Users\subas\.m2\repository\org\rocksdb\rocksdbjni\6.19.3\rocksdbjni-6.19.3.jar;C:\Users\subas\.m2\repository\org\apache\kafka\kafka_2.13\3.0.0\kafka_2.13-3.0.0.jar;C:\Users\subas\.m2\repository\org\scala-lang\scala-library\2.13.6\scala-library-2.13.6.jar;C:\Users\subas\.m2\repository\org\apache\kafka\kafka-storage\3.0.0\kafka-storage-3.0.0.jar;C:\Users\subas\.m2\repository\org\apache\kafka\kafka-storage-api\3.0.0\kafka-storage-api-3.0.0.jar;C:\Users\subas\.m2\repository\net\sourceforge\argparse4j\argparse4j\0.7.0\argparse4j-0.7.0.jar;C:\Users\subas\.m2\repository\com\fasterxml\jackson\module\jackson-module-scala_2.13\2.13.1\jackson-module-scala_2.13-2.13.1.jar;C:\Users\subas\.m2\repository\com\thoughtworks\paranamer\paranamer\2.8\paranamer-2.8.jar;C:\Users\subas\.m2\repository\com\fasterxml\jackson\dataformat\jackson-dataformat-csv\2.13.1\jackson-dataformat-csv-2.13.1.jar;C:\Users\subas\.m2\repository\net\sf\jopt-simple\jopt-simple\5.0.4\jopt-simple-5.0.4.jar;C:\Users\subas\.m2\repository\org\scala-lang\modules\scala-collection-compat_2.13\2.4.4\scala-collection-compat_2.13-2.4.4.jar;C:\Users\subas\.m2\repository\org\scala-lang\modules\scala-java8-compat_2.13\1.0.0\scala-java8-compat_2.13-1.0.0.jar;C:\Users\subas\.m2\repository\org\scala-lang\scala-reflect\2.13.6\scala-reflect-2.13.6.jar;C:\Users\subas\.m2\repository\com\typesafe\scala-logging\scala-logging_2.13\3.9.3\scala-logging_2.13-3.9.3.jar;C:\Users\subas\.m2\repository\io\dropwizard\metrics\metrics-core\4.2.7\metrics-core-4.2.7.jar;C:\Users\subas\.m2\repository\commons-cli\commons-cli\1.4\commons-cli-1.4.jar;C:\Users\subas\.m2\repository\org\apache\kafka\kafka_2.13\3.0.0\kafka_2.13-3.0.0-test.jar;C:\Users\subas\.m2\repository\org\junit\jupiter\junit-jupiter-api\5.8.2\junit-jupiter-api-5.8.2.jar;C:\Users\subas\.m2\repository\org\opentest4j\opentest4j\1.2.0\opentest4j-1.2.0.jar;C:\Users\subas\.m2\repository\org\junit\platform\junit-platform-commons\1.8.2\junit-platform-commons-1.8.2.jar;C:\Users\subas\.m2\repository\org\apiguardian\apiguardian-api\1.1.2\apiguardian-api-1.1.2.jar;C:\Users\subas\.m2\repository\org\projectlombok\lombok\1.18.22\lombok-1.18.22.jar;"/>
    <property name="java.vm.vendor" value="Oracle Corporation"/>
    <property name="sun.arch.data.model" value="64"/>
    <property name="user.variant" value=""/>
    <property name="java.vendor.url" value="https://java.oracle.com/"/>
    <property name="user.timezone" value="Asia/Calcutta"/>
    <property name="os.name" value="Windows 10"/>
    <property name="java.vm.specification.version" value="16"/>
    <property name="sun.java.launcher" value="SUN_STANDARD"/>
    <property name="user.country" value="IN"/>
    <property name="sun.boot.library.path" value="C:\Program Files\Java\jdk-16.0.2\bin"/>
    <property name="sun.java.command" value="C:\Users\subas\AppData\Local\Temp\surefire13668420459481400722\surefirebooter10262970464668135607.jar C:\Users\subas\AppData\Local\Temp\surefire13668420459481400722 2022-01-05T23-19-57_352-jvmRun1 surefire1115259333573492010tmp surefire_0842727387008718592tmp"/>
    <property name="jdk.debug" value="release"/>
    <property name="surefire.test.class.path" value="C:\Projects\profile\ss-logger\target\test-classes;C:\Projects\profile\ss-logger\target\classes;C:\Users\subas\.m2\repository\org\springframework\boot\spring-boot-starter-web\2.7.0-SNAPSHOT\spring-boot-starter-web-2.7.0-SNAPSHOT.jar;C:\Users\subas\.m2\repository\org\springframework\boot\spring-boot-starter\2.7.0-SNAPSHOT\spring-boot-starter-2.7.0-SNAPSHOT.jar;C:\Users\subas\.m2\repository\org\springframework\boot\spring-boot\2.7.0-SNAPSHOT\spring-boot-2.7.0-SNAPSHOT.jar;C:\Users\subas\.m2\repository\org\springframework\boot\spring-boot-autoconfigure\2.7.0-SNAPSHOT\spring-boot-autoconfigure-2.7.0-SNAPSHOT.jar;C:\Users\subas\.m2\repository\org\springframework\boot\spring-boot-starter-logging\2.7.0-SNAPSHOT\spring-boot-starter-logging-2.7.0-SNAPSHOT.jar;C:\Users\subas\.m2\repository\ch\qos\logback\logback-classic\1.2.10\logback-classic-1.2.10.jar;C:\Users\subas\.m2\repository\ch\qos\logback\logback-core\1.2.10\logback-core-1.2.10.jar;C:\Users\subas\.m2\repository\org\apache\logging\log4j\log4j-to-slf4j\2.17.1\log4j-to-slf4j-2.17.1.jar;C:\Users\subas\.m2\repository\org\apache\logging\log4j\log4j-api\2.17.1\log4j-api-2.17.1.jar;C:\Users\subas\.m2\repository\org\slf4j\jul-to-slf4j\1.7.32\jul-to-slf4j-1.7.32.jar;C:\Users\subas\.m2\repository\org\yaml\snakeyaml\1.30\snakeyaml-1.30.jar;C:\Users\subas\.m2\repository\org\springframework\boot\spring-boot-starter-json\2.7.0-SNAPSHOT\spring-boot-starter-json-2.7.0-SNAPSHOT.jar;C:\Users\subas\.m2\repository\com\fasterxml\jackson\core\jackson-databind\2.13.1\jackson-databind-2.13.1.jar;C:\Users\subas\.m2\repository\com\fasterxml\jackson\core\jackson-annotations\2.13.1\jackson-annotations-2.13.1.jar;C:\Users\subas\.m2\repository\com\fasterxml\jackson\core\jackson-core\2.13.1\jackson-core-2.13.1.jar;C:\Users\subas\.m2\repository\com\fasterxml\jackson\datatype\jackson-datatype-jdk8\2.13.1\jackson-datatype-jdk8-2.13.1.jar;C:\Users\subas\.m2\repository\com\fasterxml\jackson\datatype\jackson-datatype-jsr310\2.13.1\jackson-datatype-jsr310-2.13.1.jar;C:\Users\subas\.m2\repository\com\fasterxml\jackson\module\jackson-module-parameter-names\2.13.1\jackson-module-parameter-names-2.13.1.jar;C:\Users\subas\.m2\repository\org\springframework\spring-web\5.3.14\spring-web-5.3.14.jar;C:\Users\subas\.m2\repository\org\springframework\spring-beans\5.3.14\spring-beans-5.3.14.jar;C:\Users\subas\.m2\repository\org\springframework\spring-webmvc\5.3.14\spring-webmvc-5.3.14.jar;C:\Users\subas\.m2\repository\org\springframework\spring-aop\5.3.14\spring-aop-5.3.14.jar;C:\Users\subas\.m2\repository\org\springframework\spring-expression\5.3.14\spring-expression-5.3.14.jar;C:\Users\subas\.m2\repository\org\springframework\kafka\spring-kafka\2.8.0\spring-kafka-2.8.0.jar;C:\Users\subas\.m2\repository\org\springframework\spring-context\5.3.14\spring-context-5.3.14.jar;C:\Users\subas\.m2\repository\org\springframework\spring-messaging\5.3.14\spring-messaging-5.3.14.jar;C:\Users\subas\.m2\repository\org\springframework\spring-tx\5.3.14\spring-tx-5.3.14.jar;C:\Users\subas\.m2\repository\org\springframework\retry\spring-retry\1.3.1\spring-retry-1.3.1.jar;C:\Users\subas\.m2\repository\javax\annotation\javax.annotation-api\1.3.2\javax.annotation-api-1.3.2.jar;C:\Users\subas\.m2\repository\org\apache\kafka\kafka-clients\3.0.0\kafka-clients-3.0.0.jar;C:\Users\subas\.m2\repository\com\github\luben\zstd-jni\1.5.0-2\zstd-jni-1.5.0-2.jar;C:\Users\subas\.m2\repository\org\lz4\lz4-java\1.7.1\lz4-java-1.7.1.jar;C:\Users\subas\.m2\repository\org\xerial\snappy\snappy-java\1.1.8.1\snappy-java-1.1.8.1.jar;C:\Users\subas\.m2\repository\org\slf4j\slf4j-api\1.7.32\slf4j-api-1.7.32.jar;C:\Users\subas\.m2\repository\com\google\code\findbugs\jsr305\3.0.2\jsr305-3.0.2.jar;C:\Users\subas\.m2\repository\org\springframework\boot\spring-boot-starter-tomcat\2.7.0-SNAPSHOT\spring-boot-starter-tomcat-2.7.0-SNAPSHOT.jar;C:\Users\subas\.m2\repository\jakarta\annotation\jakarta.annotation-api\1.3.5\jakarta.annotation-api-1.3.5.jar;C:\Users\subas\.m2\repository\org\apache\tomcat\embed\tomcat-embed-core\9.0.56\tomcat-embed-core-9.0.56.jar;C:\Users\subas\.m2\repository\org\apache\tomcat\embed\tomcat-embed-el\9.0.56\tomcat-embed-el-9.0.56.jar;C:\Users\subas\.m2\repository\org\apache\tomcat\embed\tomcat-embed-websocket\9.0.56\tomcat-embed-websocket-9.0.56.jar;C:\Users\subas\.m2\repository\org\springframework\boot\spring-boot-starter-test\2.7.0-SNAPSHOT\spring-boot-starter-test-2.7.0-SNAPSHOT.jar;C:\Users\subas\.m2\repository\org\springframework\boot\spring-boot-test\2.7.0-SNAPSHOT\spring-boot-test-2.7.0-SNAPSHOT.jar;C:\Users\subas\.m2\repository\org\springframework\boot\spring-boot-test-autoconfigure\2.7.0-SNAPSHOT\spring-boot-test-autoconfigure-2.7.0-SNAPSHOT.jar;C:\Users\subas\.m2\repository\com\jayway\jsonpath\json-path\2.6.0\json-path-2.6.0.jar;C:\Users\subas\.m2\repository\net\minidev\json-smart\2.4.7\json-smart-2.4.7.jar;C:\Users\subas\.m2\repository\net\minidev\accessors-smart\2.4.7\accessors-smart-2.4.7.jar;C:\Users\subas\.m2\repository\org\ow2\asm\asm\9.1\asm-9.1.jar;C:\Users\subas\.m2\repository\jakarta\xml\bind\jakarta.xml.bind-api\2.3.3\jakarta.xml.bind-api-2.3.3.jar;C:\Users\subas\.m2\repository\jakarta\activation\jakarta.activation-api\1.2.2\jakarta.activation-api-1.2.2.jar;C:\Users\subas\.m2\repository\org\assertj\assertj-core\3.22.0\assertj-core-3.22.0.jar;C:\Users\subas\.m2\repository\org\hamcrest\hamcrest\2.2\hamcrest-2.2.jar;C:\Users\subas\.m2\repository\org\junit\jupiter\junit-jupiter\5.8.2\junit-jupiter-5.8.2.jar;C:\Users\subas\.m2\repository\org\junit\jupiter\junit-jupiter-params\5.8.2\junit-jupiter-params-5.8.2.jar;C:\Users\subas\.m2\repository\org\junit\jupiter\junit-jupiter-engine\5.8.2\junit-jupiter-engine-5.8.2.jar;C:\Users\subas\.m2\repository\org\junit\platform\junit-platform-engine\1.8.2\junit-platform-engine-1.8.2.jar;C:\Users\subas\.m2\repository\org\mockito\mockito-core\4.2.0\mockito-core-4.2.0.jar;C:\Users\subas\.m2\repository\net\bytebuddy\byte-buddy\1.12.6\byte-buddy-1.12.6.jar;C:\Users\subas\.m2\repository\net\bytebuddy\byte-buddy-agent\1.12.6\byte-buddy-agent-1.12.6.jar;C:\Users\subas\.m2\repository\org\objenesis\objenesis\3.2\objenesis-3.2.jar;C:\Users\subas\.m2\repository\org\mockito\mockito-junit-jupiter\4.2.0\mockito-junit-jupiter-4.2.0.jar;C:\Users\subas\.m2\repository\org\skyscreamer\jsonassert\1.5.0\jsonassert-1.5.0.jar;C:\Users\subas\.m2\repository\com\vaadin\external\google\android-json\0.0.20131108.vaadin1\android-json-0.0.20131108.vaadin1.jar;C:\Users\subas\.m2\repository\org\springframework\spring-core\5.3.14\spring-core-5.3.14.jar;C:\Users\subas\.m2\repository\org\springframework\spring-jcl\5.3.14\spring-jcl-5.3.14.jar;C:\Users\subas\.m2\repository\org\springframework\spring-test\5.3.14\spring-test-5.3.14.jar;C:\Users\subas\.m2\repository\org\xmlunit\xmlunit-core\2.8.4\xmlunit-core-2.8.4.jar;C:\Users\subas\.m2\repository\io\projectreactor\reactor-test\3.4.13\reactor-test-3.4.13.jar;C:\Users\subas\.m2\repository\io\projectreactor\reactor-core\3.4.13\reactor-core-3.4.13.jar;C:\Users\subas\.m2\repository\org\reactivestreams\reactive-streams\1.0.3\reactive-streams-1.0.3.jar;C:\Users\subas\.m2\repository\org\springframework\kafka\spring-kafka-test\2.8.0\spring-kafka-test-2.8.0.jar;C:\Users\subas\.m2\repository\org\apache\zookeeper\zookeeper\3.6.3\zookeeper-3.6.3.jar;C:\Users\subas\.m2\repository\org\apache\zookeeper\zookeeper-jute\3.6.3\zookeeper-jute-3.6.3.jar;C:\Users\subas\.m2\repository\org\apache\yetus\audience-annotations\0.5.0\audience-annotations-0.5.0.jar;C:\Users\subas\.m2\repository\io\netty\netty-handler\4.1.72.Final\netty-handler-4.1.72.Final.jar;C:\Users\subas\.m2\repository\io\netty\netty-common\4.1.72.Final\netty-common-4.1.72.Final.jar;C:\Users\subas\.m2\repository\io\netty\netty-resolver\4.1.72.Final\netty-resolver-4.1.72.Final.jar;C:\Users\subas\.m2\repository\io\netty\netty-buffer\4.1.72.Final\netty-buffer-4.1.72.Final.jar;C:\Users\subas\.m2\repository\io\netty\netty-transport\4.1.72.Final\netty-transport-4.1.72.Final.jar;C:\Users\subas\.m2\repository\io\netty\netty-codec\4.1.72.Final\netty-codec-4.1.72.Final.jar;C:\Users\subas\.m2\repository\io\netty\netty-tcnative-classes\2.0.46.Final\netty-tcnative-classes-2.0.46.Final.jar;C:\Users\subas\.m2\repository\io\netty\netty-transport-native-epoll\4.1.72.Final\netty-transport-native-epoll-4.1.72.Final.jar;C:\Users\subas\.m2\repository\io\netty\netty-transport-native-unix-common\4.1.72.Final\netty-transport-native-unix-common-4.1.72.Final.jar;C:\Users\subas\.m2\repository\io\netty\netty-transport-classes-epoll\4.1.72.Final\netty-transport-classes-epoll-4.1.72.Final.jar;C:\Users\subas\.m2\repository\org\apache\kafka\kafka-clients\3.0.0\kafka-clients-3.0.0-test.jar;C:\Users\subas\.m2\repository\org\apache\kafka\kafka-metadata\3.0.0\kafka-metadata-3.0.0.jar;C:\Users\subas\.m2\repository\org\apache\kafka\kafka-server-common\3.0.0\kafka-server-common-3.0.0.jar;C:\Users\subas\.m2\repository\org\apache\kafka\kafka-raft\3.0.0\kafka-raft-3.0.0.jar;C:\Users\subas\.m2\repository\com\yammer\metrics\metrics-core\2.2.0\metrics-core-2.2.0.jar;C:\Users\subas\.m2\repository\org\apache\kafka\kafka-streams-test-utils\3.0.0\kafka-streams-test-utils-3.0.0.jar;C:\Users\subas\.m2\repository\org\apache\kafka\kafka-streams\3.0.0\kafka-streams-3.0.0.jar;C:\Users\subas\.m2\repository\org\rocksdb\rocksdbjni\6.19.3\rocksdbjni-6.19.3.jar;C:\Users\subas\.m2\repository\org\apache\kafka\kafka_2.13\3.0.0\kafka_2.13-3.0.0.jar;C:\Users\subas\.m2\repository\org\scala-lang\scala-library\2.13.6\scala-library-2.13.6.jar;C:\Users\subas\.m2\repository\org\apache\kafka\kafka-storage\3.0.0\kafka-storage-3.0.0.jar;C:\Users\subas\.m2\repository\org\apache\kafka\kafka-storage-api\3.0.0\kafka-storage-api-3.0.0.jar;C:\Users\subas\.m2\repository\net\sourceforge\argparse4j\argparse4j\0.7.0\argparse4j-0.7.0.jar;C:\Users\subas\.m2\repository\com\fasterxml\jackson\module\jackson-module-scala_2.13\2.13.1\jackson-module-scala_2.13-2.13.1.jar;C:\Users\subas\.m2\repository\com\thoughtworks\paranamer\paranamer\2.8\paranamer-2.8.jar;C:\Users\subas\.m2\repository\com\fasterxml\jackson\dataformat\jackson-dataformat-csv\2.13.1\jackson-dataformat-csv-2.13.1.jar;C:\Users\subas\.m2\repository\net\sf\jopt-simple\jopt-simple\5.0.4\jopt-simple-5.0.4.jar;C:\Users\subas\.m2\repository\org\scala-lang\modules\scala-collection-compat_2.13\2.4.4\scala-collection-compat_2.13-2.4.4.jar;C:\Users\subas\.m2\repository\org\scala-lang\modules\scala-java8-compat_2.13\1.0.0\scala-java8-compat_2.13-1.0.0.jar;C:\Users\subas\.m2\repository\org\scala-lang\scala-reflect\2.13.6\scala-reflect-2.13.6.jar;C:\Users\subas\.m2\repository\com\typesafe\scala-logging\scala-logging_2.13\3.9.3\scala-logging_2.13-3.9.3.jar;C:\Users\subas\.m2\repository\io\dropwizard\metrics\metrics-core\4.2.7\metrics-core-4.2.7.jar;C:\Users\subas\.m2\repository\commons-cli\commons-cli\1.4\commons-cli-1.4.jar;C:\Users\subas\.m2\repository\org\apache\kafka\kafka_2.13\3.0.0\kafka_2.13-3.0.0-test.jar;C:\Users\subas\.m2\repository\org\junit\jupiter\junit-jupiter-api\5.8.2\junit-jupiter-api-5.8.2.jar;C:\Users\subas\.m2\repository\org\opentest4j\opentest4j\1.2.0\opentest4j-1.2.0.jar;C:\Users\subas\.m2\repository\org\junit\platform\junit-platform-commons\1.8.2\junit-platform-commons-1.8.2.jar;C:\Users\subas\.m2\repository\org\apiguardian\apiguardian-api\1.1.2\apiguardian-api-1.1.2.jar;C:\Users\subas\.m2\repository\org\projectlombok\lombok\1.18.22\lombok-1.18.22.jar;"/>
    <property name="sun.cpu.endian" value="little"/>
    <property name="user.home" value="C:\Users\subas"/>
    <property name="user.language" value="en"/>
    <property name="java.specification.vendor" value="Oracle Corporation"/>
    <property name="java.version.date" value="2021-07-20"/>
    <property name="java.home" value="C:\Program Files\Java\jdk-16.0.2"/>
    <property name="file.separator" value="\"/>
    <property name="basedir" value="C:\Projects\profile\ss-logger"/>
    <property name="java.vm.compressedOopsMode" value="32-bit"/>
    <property name="line.separator" value="&#10;"/>
    <property name="java.vm.specification.vendor" value="Oracle Corporation"/>
    <property name="java.specification.name" value="Java Platform API Specification"/>
    <property name="surefire.real.class.path" value="C:\Users\subas\AppData\Local\Temp\surefire13668420459481400722\surefirebooter10262970464668135607.jar"/>
    <property name="user.script" value=""/>
    <property name="sun.management.compiler" value="HotSpot 64-Bit Tiered Compilers"/>
    <property name="java.runtime.version" value="16.0.2+7-67"/>
    <property name="user.name" value="subash"/>
    <property name="path.separator" value=";"/>
    <property name="os.version" value="10.0"/>
    <property name="java.runtime.name" value="Java(TM) SE Runtime Environment"/>
    <property name="file.encoding" value="Cp1252"/>
    <property name="java.vm.name" value="Java HotSpot(TM) 64-Bit Server VM"/>
    <property name="localRepository" value="C:\Users\subas\.m2\repository"/>
    <property name="java.vendor.url.bug" value="https://bugreport.java.com/bugreport/"/>
    <property name="java.io.tmpdir" value="C:\Users\subas\AppData\Local\Temp\"/>
    <property name="java.version" value="16.0.2"/>
    <property name="user.dir" value="C:\Projects\profile\ss-logger"/>
    <property name="os.arch" value="amd64"/>
    <property name="java.vm.specification.name" value="Java Virtual Machine Specification"/>
    <property name="sun.os.patch.level" value=""/>
    <property name="java.library.path" value="C:\Program Files\Java\jdk-16.0.2\bin;C:\WINDOWS\Sun\Java\bin;C:\WINDOWS\system32;C:\WINDOWS;C:\Users\subas\bin;C:\Program Files\Git\mingw64\bin;C:\Program Files\Git\usr\local\bin;C:\Program Files\Git\usr\bin;C:\Program Files\Git\usr\bin;C:\Program Files\Git\mingw64\bin;C:\Program Files\Git\usr\bin;C:\Users\subas\bin;C:\Program Files\Common Files\Oracle\Java\javapath;C:\Program Files (x86)\Common Files\Oracle\Java\javapath;C:\WINDOWS\system32;C:\WINDOWS;C:\WINDOWS\System32\Wbem;C:\WINDOWS\System32\WindowsPowerShell\v1.0;C:\WINDOWS\System32\OpenSSH;C:\Program Files\apache-maven-3.6.1\bin;C:\Program Files (x86)\AMD\ATI.ACE\Core-Static;C:\Program Files (x86)\Intel\Intel(R) Management Engine Components\DAL;C:\Program Files\Intel\Intel(R) Management Engine Components\DAL;C:\Program Files\Intel\WiFi\bin;C:\Program Files\Common Files\Intel\WirelessCommon;C:\ProgramData\chocolatey\bin;C:\Program Files\nodejs;C:\Users\subas\AppData\Local\Microsoft\WindowsApps;C:\Users\subas\AppData\Local\Programs\Microsoft VS Code\bin;C:\Program Files\Docker Toolbox;C:\Program Files\heroku\bin;C:\Users\subas\AppData\Roaming\npm;C:\Program Files\Git\usr\bin\vendor_perl;C:\Program Files\Git\usr\bin\core_perl;."/>
    <property name="java.vm.info" value="mixed mode, sharing"/>
    <property name="java.vendor" value="Oracle Corporation"/>
    <property name="java.vm.version" value="16.0.2+7-67"/>
    <property name="sun.io.unicode.encoding" value="UnicodeLittle"/>
    <property name="java.class.version" value="60.0"/>
  </properties>
  <testcase name="contextLoads" classname="com.subi.ss.logger.SsLoggerApplicationTests" time="0.825"/>
</testsuite>